<?xml version="1.0" encoding="UTF-8"?>
<!-- Generated by org.testng.reporters.JUnitXMLReporter -->
<testsuite ignored="0" hostname="Dipeshs-MacBook-Air.local" failures="0" tests="3" name="Default test" time="10.634" errors="0" timestamp="2023-03-04T18:34:27 IST">
  <testcase classname="com.spotify.oauth2.tests.PlayListTest" name="create_a_playlist" time="9.28"/>
  <testcase classname="com.spotify.oauth2.tests.PlayListTest" name="get_a_playlist" time="0.458"/>
  <testcase classname="com.spotify.oauth2.tests.PlayListTest" name="update_a_playlist" time="0.498"/>
</testsuite> <!-- Default test -->
