<?xml version="1.0" encoding="UTF-8"?>
<testng-results ignored="0" total="3" passed="3" failed="0" skipped="0">
  <reporter-output>
  </reporter-output>
  <suite started-at="2023-03-04T18:34:16 IST" name="Default suite" finished-at="2023-03-04T18:34:27 IST" duration-ms="10634">
    <groups>
    </groups>
    <test started-at="2023-03-04T18:34:16 IST" name="Default test" finished-at="2023-03-04T18:34:27 IST" duration-ms="10634">
      <class name="com.spotify.oauth2.tests.PlayListTest">
        <test-method signature="create_a_playlist()[pri:0, instance:com.spotify.oauth2.tests.PlayListTest@798dad3d]" started-at="2023-03-04T18:34:16 IST" name="create_a_playlist" finished-at="2023-03-04T18:34:26 IST" duration-ms="9280" status="PASS">
          <reporter-output>
          </reporter-output>
        </test-method> <!-- create_a_playlist -->
        <test-method signature="get_a_playlist()[pri:0, instance:com.spotify.oauth2.tests.PlayListTest@798dad3d]" started-at="2023-03-04T18:34:26 IST" name="get_a_playlist" finished-at="2023-03-04T18:34:26 IST" duration-ms="458" status="PASS">
          <reporter-output>
          </reporter-output>
        </test-method> <!-- get_a_playlist -->
        <test-method signature="update_a_playlist()[pri:0, instance:com.spotify.oauth2.tests.PlayListTest@798dad3d]" started-at="2023-03-04T18:34:26 IST" name="update_a_playlist" finished-at="2023-03-04T18:34:27 IST" duration-ms="498" status="PASS">
          <reporter-output>
          </reporter-output>
        </test-method> <!-- update_a_playlist -->
      </class> <!-- com.spotify.oauth2.tests.PlayListTest -->
    </test> <!-- Default test -->
  </suite> <!-- Default suite -->
</testng-results>
